<?xml version="1.0" encoding="utf-8"?><testsuites name="pytest tests"><testsuite name="pytest" errors="0" failures="0" skipped="0" tests="14" time="8.002" timestamp="2026-09-10T11:01:33.918346+00:00" hostname="agent-env-f0e9c84f-abe3-4733-be78-b08630b7c9e9"><testcase classname="tests.test_admin_auth" name="test_login_wrong_password" time="0.522" /><testcase classname="tests.test_admin_auth" name="test_me_without_cookie" time="0.163" /><testcase classname="tests.test_admin_auth" name="test_me_with_cookie" time="0.465" /><testcase classname="tests.test_admin_auth" name="test_bearer_token_works" time="0.127" /><testcase classname="tests.test_admin_auth" name="test_logout_clears_cookie" time="0.514" /><testcase classname="tests.test_admin_auth" name="test_enquiries_requires_auth" time="0.129" /><testcase classname="tests.test_admin_auth" name="test_enquiries_with_cookie" time="0.081" /><testcase classname="tests.test_admin_auth" name="test_applications_requires_auth" time="0.144" /><testcase classname="tests.test_admin_auth" name="test_applications_with_cookie" time="0.079" /><testcase classname="tests.test_admin_auth" name="test_admin_resume_download_unauth" time="3.060" /><testcase classname="tests.test_admin_auth" name="test_admin_resume_download_ok" time="0.094" /><testcase classname="tests.test_admin_auth" name="test_admin_resume_download_404" time="0.087" /><testcase classname="tests.test_admin_auth" name="test_brute_force_lockout" time="0.955" /><testcase classname="tests.test_admin_auth" name="test_public_enquiry_still_works" time="0.414" /></testsuite></testsuites>