<?xml version="1.0" encoding="utf-8"?><testsuites name="pytest tests"><testsuite name="pytest" errors="0" failures="0" skipped="0" tests="8" time="3.382" timestamp="2026-09-10T09:18:45.669060+00:00" hostname="agent-env-f0e9c84f-abe3-4733-be78-b08630b7c9e9"><testcase classname="tests.test_applications" name="test_create_application_success" time="0.369" /><testcase classname="tests.test_applications" name="test_create_application_wrong_content_type" time="0.024" /><testcase classname="tests.test_applications" name="test_create_application_missing_required" time="0.030" /><testcase classname="tests.test_applications" name="test_create_application_too_large" time="0.048" /><testcase classname="tests.test_applications" name="test_download_resume_wrong_token" time="0.234" /><testcase classname="tests.test_applications" name="test_download_resume_valid_token" time="0.284" /><testcase classname="tests.test_applications" name="test_enquiries_regression" time="1.195" /><testcase classname="tests.test_applications" name="test_zzz_cleanup" time="0.006" /></testsuite></testsuites>